<?xml version="1.0" encoding="UTF-8"?>
<!-- Generated by org.testng.reporters.JUnitXMLReporter -->
<testsuite hostname="DESKTOP-QC5ONK1" ignored="3" tests="0" failures="0" timestamp="19 Feb 2021 04:14:39 GMT" time="0.002" errors="0">
  <testcase name="tc2" time="0.0" classname="org.test.TestCase">
    <ignored/>
  </testcase> <!-- tc2 -->
  <testcase name="tc3" time="0.0" classname="org.test.TestCase">
    <ignored/>
  </testcase> <!-- tc3 -->
  <testcase name="tc1" time="0.0" classname="org.test.TestCase">
    <ignored/>
  </testcase> <!-- tc1 -->
</testsuite>
